app/build/intermediates/manifest_merge_blame_file/release/processReleaseMainManifest/manifest-merger-blame-release-report.txt
1<?xml version="1.0" encoding="utf-8"?>
2<manifest xmlns:android="http://schemas.android.com/apk/res/android"
3    package="com.sendaurjc"
4    android:versionCode="1"
5    android:versionName="1.0" >
6
7    <uses-sdk
8        android:minSdkVersion="26"
9        android:targetSdkVersion="34" />
10
11    <uses-permission android:name="android.permission.INTERNET" />
11-->src/main/AndroidManifest.xml:4:5-67
11-->src/main/AndroidManifest.xml:4:22-64
12    <uses-permission android:name="android.permission.ACCESS_FINE_LOCATION" />
12-->src/main/AndroidManifest.xml:5:5-79
12-->src/main/AndroidManifest.xml:5:22-76
13    <uses-permission android:name="android.permission.ACCESS_COARSE_LOCATION" />
13-->src/main/AndroidManifest.xml:6:5-81
13-->src/main/AndroidManifest.xml:6:22-78
14    <uses-permission android:name="android.permission.POST_NOTIFICATIONS" />
14-->src/main/AndroidManifest.xml:7:5-77
14-->src/main/AndroidManifest.xml:7:22-74
15    <uses-permission android:name="android.permission.FOREGROUND_SERVICE" />
15-->src/main/AndroidManifest.xml:8:5-77
15-->src/main/AndroidManifest.xml:8:22-74
16    <uses-permission android:name="android.permission.FOREGROUND_SERVICE_LOCATION" />
16-->src/main/AndroidManifest.xml:9:5-86
16-->src/main/AndroidManifest.xml:9:22-83
17
18    <permission
18-->[androidx.core:core:1.13.1] AndroidManifest.xml:22:5-24:47
19        android:name="com.sendaurjc.DYNAMIC_RECEIVER_NOT_EXPORTED_PERMISSION"
19-->[androidx.core:core:1.13.1] AndroidManifest.xml:23:9-81
20        android:protectionLevel="signature" />
20-->[androidx.core:core:1.13.1] AndroidManifest.xml:24:9-44
21
22    <uses-permission android:name="com.sendaurjc.DYNAMIC_RECEIVER_NOT_EXPORTED_PERMISSION" />
22-->[androidx.core:core:1.13.1] AndroidManifest.xml:26:5-97
22-->[androidx.core:core:1.13.1] AndroidManifest.xml:26:22-94
23
24    <supports-screens
24-->[org.osmdroid:osmdroid-android:6.1.20] AndroidManifest.xml:9:5-12:40
25        android:anyDensity="true"
25-->[org.osmdroid:osmdroid-android:6.1.20] AndroidManifest.xml:10:9-34
26        android:largeScreens="true"
26-->[org.osmdroid:osmdroid-android:6.1.20] AndroidManifest.xml:11:9-36
27        android:normalScreens="true" />
27-->[org.osmdroid:osmdroid-android:6.1.20] AndroidManifest.xml:12:9-37
28
29    <uses-feature
29-->[org.osmdroid:osmdroid-android:6.1.20] AndroidManifest.xml:14:5-16:36
30        android:name="android.hardware.location.network"
30-->[org.osmdroid:osmdroid-android:6.1.20] AndroidManifest.xml:15:9-57
31        android:required="false" />
31-->[org.osmdroid:osmdroid-android:6.1.20] AndroidManifest.xml:16:9-33
32    <uses-feature
32-->[org.osmdroid:osmdroid-android:6.1.20] AndroidManifest.xml:17:5-19:36
33        android:name="android.hardware.location.gps"
33-->[org.osmdroid:osmdroid-android:6.1.20] AndroidManifest.xml:18:9-53
34        android:required="false" />
34-->[org.osmdroid:osmdroid-android:6.1.20] AndroidManifest.xml:19:9-33
35    <uses-feature
35-->[org.osmdroid:osmdroid-android:6.1.20] AndroidManifest.xml:20:5-22:36
36        android:name="android.hardware.telephony"
36-->[org.osmdroid:osmdroid-android:6.1.20] AndroidManifest.xml:21:9-50
37        android:required="false" />
37-->[org.osmdroid:osmdroid-android:6.1.20] AndroidManifest.xml:22:9-33
38    <uses-feature
38-->[org.osmdroid:osmdroid-android:6.1.20] AndroidManifest.xml:23:5-25:36
39        android:name="android.hardware.wifi"
39-->[org.osmdroid:osmdroid-android:6.1.20] AndroidManifest.xml:24:9-45
40        android:required="false" />
40-->[org.osmdroid:osmdroid-android:6.1.20] AndroidManifest.xml:25:9-33
41
42    <application
42-->src/main/AndroidManifest.xml:11:5-34:19
43        android:name="com.sendaurjc.SendaApplication"
43-->src/main/AndroidManifest.xml:12:9-41
44        android:allowBackup="true"
44-->src/main/AndroidManifest.xml:13:9-35
45        android:appComponentFactory="androidx.core.app.CoreComponentFactory"
45-->[androidx.core:core:1.13.1] AndroidManifest.xml:28:18-86
46        android:extractNativeLibs="false"
47        android:icon="@android:drawable/sym_def_app_icon"
47-->src/main/AndroidManifest.xml:14:9-58
48        android:label="SendaURJC"
48-->src/main/AndroidManifest.xml:15:9-34
49        android:roundIcon="@android:drawable/sym_def_app_icon"
49-->src/main/AndroidManifest.xml:16:9-63
50        android:supportsRtl="true"
50-->src/main/AndroidManifest.xml:17:9-35
51        android:theme="@style/Theme.SendaURJC" >
51-->src/main/AndroidManifest.xml:18:9-47
52        <activity
52-->src/main/AndroidManifest.xml:20:9-27:20
53            android:name="com.sendaurjc.MainActivity"
53-->src/main/AndroidManifest.xml:21:13-41
54            android:exported="true" >
54-->src/main/AndroidManifest.xml:22:13-36
55            <intent-filter>
55-->src/main/AndroidManifest.xml:23:13-26:29
56                <action android:name="android.intent.action.MAIN" />
56-->src/main/AndroidManifest.xml:24:17-69
56-->src/main/AndroidManifest.xml:24:25-66
57
58                <category android:name="android.intent.category.LAUNCHER" />
58-->src/main/AndroidManifest.xml:25:17-77
58-->src/main/AndroidManifest.xml:25:27-74
59            </intent-filter>
60        </activity>
61
62        <service
62-->src/main/AndroidManifest.xml:29:9-33:56
63            android:name="com.sendaurjc.service.AlertForegroundService"
63-->src/main/AndroidManifest.xml:30:13-59
64            android:enabled="true"
64-->src/main/AndroidManifest.xml:31:13-35
65            android:exported="false"
65-->src/main/AndroidManifest.xml:32:13-37
66            android:foregroundServiceType="location" />
66-->src/main/AndroidManifest.xml:33:13-53
67
68        <provider
68-->[androidx.emoji2:emoji2:1.3.0] AndroidManifest.xml:24:9-32:20
69            android:name="androidx.startup.InitializationProvider"
69-->[androidx.emoji2:emoji2:1.3.0] AndroidManifest.xml:25:13-67
70            android:authorities="com.sendaurjc.androidx-startup"
70-->[androidx.emoji2:emoji2:1.3.0] AndroidManifest.xml:26:13-68
71            android:exported="false" >
71-->[androidx.emoji2:emoji2:1.3.0] AndroidManifest.xml:27:13-37
72            <meta-data
72-->[androidx.emoji2:emoji2:1.3.0] AndroidManifest.xml:29:13-31:52
73                android:name="androidx.emoji2.text.EmojiCompatInitializer"
73-->[androidx.emoji2:emoji2:1.3.0] AndroidManifest.xml:30:17-75
74                android:value="androidx.startup" />
74-->[androidx.emoji2:emoji2:1.3.0] AndroidManifest.xml:31:17-49
75            <meta-data
75-->[androidx.lifecycle:lifecycle-process:2.8.4] AndroidManifest.xml:29:13-31:52
76                android:name="androidx.lifecycle.ProcessLifecycleInitializer"
76-->[androidx.lifecycle:lifecycle-process:2.8.4] AndroidManifest.xml:30:17-78
77                android:value="androidx.startup" />
77-->[androidx.lifecycle:lifecycle-process:2.8.4] AndroidManifest.xml:31:17-49
78            <meta-data
78-->[androidx.profileinstaller:profileinstaller:1.3.1] AndroidManifest.xml:29:13-31:52
79                android:name="androidx.profileinstaller.ProfileInstallerInitializer"
79-->[androidx.profileinstaller:profileinstaller:1.3.1] AndroidManifest.xml:30:17-85
80                android:value="androidx.startup" />
80-->[androidx.profileinstaller:profileinstaller:1.3.1] AndroidManifest.xml:31:17-49
81        </provider>
82
83        <service
83-->[androidx.room:room-runtime:2.6.1] AndroidManifest.xml:24:9-28:63
84            android:name="androidx.room.MultiInstanceInvalidationService"
84-->[androidx.room:room-runtime:2.6.1] AndroidManifest.xml:25:13-74
85            android:directBootAware="true"
85-->[androidx.room:room-runtime:2.6.1] AndroidManifest.xml:26:13-43
86            android:exported="false" />
86-->[androidx.room:room-runtime:2.6.1] AndroidManifest.xml:27:13-37
87
88        <receiver
88-->[androidx.profileinstaller:profileinstaller:1.3.1] AndroidManifest.xml:34:9-52:20
89            android:name="androidx.profileinstaller.ProfileInstallReceiver"
89-->[androidx.profileinstaller:profileinstaller:1.3.1] AndroidManifest.xml:35:13-76
90            android:directBootAware="false"
90-->[androidx.profileinstaller:profileinstaller:1.3.1] AndroidManifest.xml:36:13-44
91            android:enabled="true"
91-->[androidx.profileinstaller:profileinstaller:1.3.1] AndroidManifest.xml:37:13-35
92            android:exported="true"
92-->[androidx.profileinstaller:profileinstaller:1.3.1] AndroidManifest.xml:38:13-36
93            android:permission="android.permission.DUMP" >
93-->[androidx.profileinstaller:profileinstaller:1.3.1] AndroidManifest.xml:39:13-57
94            <intent-filter>
94-->[androidx.profileinstaller:profileinstaller:1.3.1] AndroidManifest.xml:40:13-42:29
95                <action android:name="androidx.profileinstaller.action.INSTALL_PROFILE" />
95-->[androidx.profileinstaller:profileinstaller:1.3.1] AndroidManifest.xml:41:17-91
95-->[androidx.profileinstaller:profileinstaller:1.3.1] AndroidManifest.xml:41:25-88
96            </intent-filter>
97            <intent-filter>
97-->[androidx.profileinstaller:profileinstaller:1.3.1] AndroidManifest.xml:43:13-45:29
98                <action android:name="androidx.profileinstaller.action.SKIP_FILE" />
98-->[androidx.profileinstaller:profileinstaller:1.3.1] AndroidManifest.xml:44:17-85
98-->[androidx.profileinstaller:profileinstaller:1.3.1] AndroidManifest.xml:44:25-82
99            </intent-filter>
100            <intent-filter>
100-->[androidx.profileinstaller:profileinstaller:1.3.1] AndroidManifest.xml:46:13-48:29
101                <action android:name="androidx.profileinstaller.action.SAVE_PROFILE" />
101-->[androidx.profileinstaller:profileinstaller:1.3.1] AndroidManifest.xml:47:17-88
101-->[androidx.profileinstaller:profileinstaller:1.3.1] AndroidManifest.xml:47:25-85
102            </intent-filter>
103            <intent-filter>
103-->[androidx.profileinstaller:profileinstaller:1.3.1] AndroidManifest.xml:49:13-51:29
104                <action android:name="androidx.profileinstaller.action.BENCHMARK_OPERATION" />
104-->[androidx.profileinstaller:profileinstaller:1.3.1] AndroidManifest.xml:50:17-95
104-->[androidx.profileinstaller:profileinstaller:1.3.1] AndroidManifest.xml:50:25-92
105            </intent-filter>
106        </receiver>
107    </application>
108
109</manifest>